<?xml version="1.0" encoding="UTF-8"?>
<!-- Generated by org.testng.reporters.JUnitReportReporter -->
<testsuite hostname="DESKTOP-4783KNG" failures="0" tests="2" name="Automation1" time="0.029" errors="0" timestamp="2023-05-04T11:28:59 EET" skipped="0">
  <testcase classname="Automation1" name="Testing" time="0.028"/>
  <system-out/>
  <testcase classname="Automation1" name="remove" time="0.001"/>
  <system-out/>
</testsuite> <!-- Automation1 -->
