<?xml version="1.0" encoding="UTF-8"?>
<!-- Generated by org.testng.reporters.JUnitReportReporter -->
<testsuite hostname="DESKTOP-4783KNG" failures="0" tests="1" name="Defualt_lang" time="0.029" errors="0" timestamp="2023-04-12T13:44:48 EET" skipped="0">
  <testcase classname="Defualt_lang" name="check_the_website_default_language" time="0.029"/>
  <system-out/>
</testsuite> <!-- Defualt_lang -->
