<?xml version="1.0" encoding="UTF-8"?>
<!-- Generated by org.testng.reporters.JUnitReportReporter -->
<testsuite hostname="DESKTOP-4783KNG" failures="0" tests="2" name="Auto2" time="0.281" errors="0" timestamp="2023-05-04T11:03:15 EET" skipped="1">
  <testcase classname="Auto2" name="Testing" time="0.281"/>
  <system-out/>
  <testcase classname="Auto2" name="remove">
    <skipped/>
  </testcase> <!-- remove -->
  <system-out/>
</testsuite> <!-- Auto2 -->
