<?xml version="1.0" encoding="UTF-8"?>
<!-- Generated by org.testng.reporters.JUnitReportReporter -->
<testsuite hostname="DESKTOP-4783KNG" failures="0" tests="2" name="SwagLab" time="0.495" errors="0" timestamp="2023-05-04T13:52:37 EET" skipped="0">
  <testcase classname="SwagLab" name="Remove_all_items_from_cart" time="0.207"/>
  <system-out/>
  <testcase classname="SwagLab" name="Add_all_items_to_cart" time="0.288"/>
  <system-out/>
</testsuite> <!-- SwagLab -->
