<?xml version="1.0" encoding="UTF-8"?>
<!-- Generated by org.testng.reporters.JUnitReportReporter -->
<testsuite hostname="DESKTOP-4783KNG" failures="0" tests="3" name="Hello" time="2.537" errors="0" timestamp="2023-04-12T22:58:21 EET" skipped="0">
  <testcase classname="Hello" name="check_the_Qitaf_logo" time="0.043"/>
  <system-out/>
  <testcase classname="Hello" name="check_the_website_default_language" time="0.030"/>
  <system-out/>
  <testcase classname="Hello" name="Random_lang_selected" time="2.464"/>
  <system-out/>
</testsuite> <!-- Hello -->
