<?xml version="1.0" encoding="UTF-8"?>
<!-- Generated by org.testng.reporters.JUnitReportReporter -->
<testsuite hostname="DESKTOP-4783KNG" failures="0" tests="3" name="SWAG_LAB" time="6.657" errors="0" timestamp="2023-05-18T16:34:25 EET" skipped="0">
  <testcase classname="SWAG_LAB" name="Add_all_items_to_cart" time="0.264"/>
  <system-out/>
  <testcase classname="SWAG_LAB" name="ordering_of_items" time="6.175"/>
  <system-out/>
  <testcase classname="SWAG_LAB" name="Remove_all_items_from_cart" time="0.218"/>
  <system-out/>
</testsuite> <!-- SWAG_LAB -->
