<?xml version="1.0" encoding="UTF-8"?>
<!-- Generated by org.testng.reporters.JUnitReportReporter -->
<testsuite hostname="DESKTOP-4783KNG" failures="0" tests="1" name="Ordering_of_items" time="6.218" errors="0" timestamp="2023-05-04T13:47:42 EET" skipped="0">
  <testcase classname="Ordering_of_items" name="ordering_of_items" time="6.218"/>
  <system-out/>
</testsuite> <!-- Ordering_of_items -->
